Arguments: 
  C:\Program Files\nodejs\node.exe C:\Users\0000\AppData\Roaming\npm\node_modules\yarn\bin\yarn.js add @smartcontractkit/chainlink-brownie-contracts

PATH: 
  C:\windows\system32;C:\windows;C:\windows\System32\Wbem;C:\windows\System32\WindowsPowerShell\v1.0\;C:\windows\System32\OpenSSH\;C:\Program Files (x86)\NVIDIA Corporation\PhysX\Common;C:\Program Files\NVIDIA Corporation\NVIDIA NvDLISR;C:\Program Files\Git\cmd;C:\ProgramData\chocolatey\bin;C:\Program Files\nodejs\;C:\Users\0000\AppData\Local\Programs\Python\Python310\Scripts\;C:\Users\0000\AppData\Local\Programs\Python\Python310\;C:\Users\0000\AppData\Local\Microsoft\WindowsApps;;C:\Users\0000\AppData\Local\Programs\Microsoft VS Code\bin;c:\users\0000\.local\bin;c:\users\0000\appdata\roaming\python\python310\scripts;c:\users\0000\.local\bin;c:\users\0000\appdata\roaming\python\python310\scripts;c:\users\0000\appdata\roaming\python\python310\scripts;c:\users\0000\.local\bin;C:\Users\0000\AppData\Roaming\npm;;C:\Users\0000\Apps\go-ipfs_v0.12.0\go-ipfs;;C:\Users\0000\nft-demo-fer;;C:\Users\0000\Apps\go-ipfs_v0.12.2\go-ipfs;;C:\Users\0000\nft-demo-fer;;C:\Users\0000\nft-demo-fer;;C:\Users\0000\Apps\go-ipfs_v0.12.2\go-ipfs

Yarn version: 
  1.22.19

Node version: 
  16.15.1

Platform: 
  win32 x64

Trace: 
  Error: https://registry.yarnpkg.com/@smartcontractkit%2fchainlink-brownie-contracts: Not found
      at Request.params.callback [as _callback] (C:\Users\0000\AppData\Roaming\npm\node_modules\yarn\lib\cli.js:66145:18)
      at Request.self.callback (C:\Users\0000\AppData\Roaming\npm\node_modules\yarn\lib\cli.js:140890:22)
      at Request.emit (node:events:527:28)
      at Request.<anonymous> (C:\Users\0000\AppData\Roaming\npm\node_modules\yarn\lib\cli.js:141862:10)
      at Request.emit (node:events:527:28)
      at IncomingMessage.<anonymous> (C:\Users\0000\AppData\Roaming\npm\node_modules\yarn\lib\cli.js:141784:12)
      at Object.onceWrapper (node:events:641:28)
      at IncomingMessage.emit (node:events:539:35)
      at endReadableNT (node:internal/streams/readable:1345:12)
      at processTicksAndRejections (node:internal/process/task_queues:83:21)

npm manifest: 
  {
    "devDependencies": {
      "@chainlink/contracts": "^0.4.1"
    }
  }

yarn manifest: 
  No manifest

Lockfile: 
  # THIS IS AN AUTOGENERATED FILE. DO NOT EDIT THIS FILE DIRECTLY.
  # yarn lockfile v1
  
  
  "@chainlink/contracts@^0.4.1":
    version "0.4.1"
    resolved "https://registry.yarnpkg.com/@chainlink/contracts/-/contracts-0.4.1.tgz#1c4f824920b89fbe5ff2294c35a86bca83c8253d"
    integrity sha512-eC8biY6Ks8k9kZKVt5305veCP3z57yyiy6Os5aR6auta6Bp34xWQ/s4qvrifcW4FNgWw1HJPwMPXDGfiehcLjg==
